<?xml version="1.0" encoding="UTF-8"?>
<testsuite name="com.javatoy.web.dto.HelloResponseDtoTest" tests="1" skipped="0" failures="0" errors="0" timestamp="2020-03-12T21:09:52" hostname="Grays-MacBook-Pro.local" time="0.038">
  <properties/>
  <testcase name="TestLombok" classname="com.javatoy.web.dto.HelloResponseDtoTest" time="0.038"/>
  <system-out><![CDATA[]]></system-out>
  <system-err><![CDATA[]]></system-err>
</testsuite>
